{"/home/alexkara/projects/Jest-examples/src/App.tsx": {"path":"/home/alexkara/projects/Jest-examples/src/App.tsx","statementMap":{"0":{"start":{"line":1,"column":0},"end":{"line":1,"column":32}},"1":{"start":{"line":4,"column":28},"end":{"line":4,"column":39}},"2":{"start":{"line":6,"column":2},"end":{"line":10,"column":null}},"3":{"start":{"line":8,"column":28},"end":{"line":8,"column":51}},"4":{"start":{"line":8,"column":43},"end":{"line":8,"column":49}},"5":{"start":{"line":13,"column":0},"end":{"line":13,"column":null}}},"fnMap":{"0":{"name":"App","decl":{"start":{"line":3,"column":9},"end":{"line":3,"column":12}},"loc":{"start":{"line":3,"column":12},"end":{"line":11,"column":1}}},"1":{"name":"(anonymous_1)","decl":{"start":{"line":8,"column":23},"end":{"line":8,"column":25}},"loc":{"start":{"line":8,"column":27},"end":{"line":8,"column":51}}},"2":{"name":"(anonymous_2)","decl":{"start":{"line":8,"column":37},"end":{"line":8,"column":41}},"loc":{"start":{"line":8,"column":43},"end":{"line":8,"column":49}}}},"branchMap":{},"s":{"0":1,"1":3,"2":3,"3":1,"4":1,"5":1},"f":{"0":3,"1":1,"2":1},"b":{}}
}
